INFO: latexindent.exe version 3.8, 2020-03-21, a script to indent .tex files
      latexindent.exe lives here: C:/texlive/2020/bin/win32/
      Tue Jul 25 22:50:07 2023
      Filename: c:/Users/czhan/Documents/GitHub/z/K-notes/Ωªªªª∑µƒ Picard »∫/__latexindent_temp_main.tex
INFO: Processing switches:
      -y|--yaml: YAML settings specified via command line
      -c|--cruft: cruft directory
INFO: Directory for backup files and c:/Users/czhan/Documents/GitHub/z/K-notes/∑∫∫Ø∑÷Œˆ ∞“≈//indent.log: c:/Users/czhan/Documents/GitHub/z/K-notes/∑∫∫Ø∑÷Œˆ ∞“≈/
INFO: YAML settings read: defaultSettings.yaml
      Reading defaultSettings.yaml from C:/texlive/2020/bin/win32/defaultSettings.yaml
      Reading defaultSettings.yaml (2nd attempt, TeXLive, Windows) from C:/texlive/2020/bin/win32/../../texmf-dist/scripts/latexindent/defaultSettings.yaml
INFO: YAML settings read: indentconfig.yaml or .indentconfig.yaml
      Home directory is C:\Users\czhan (didn't find either indentconfig.yaml or .indentconfig.yaml)
      To specify user settings you would put indentconfig.yaml here: C:\Users\czhan/indentconfig.yaml
      Alternatively, you can use the hidden file .indentconfig.yaml as: C:\Users\czhan/.indentconfig.yaml
INFO: YAML settings read: -y switch
      Updating masterSettings with defaultIndent:   INFOINFO: Phase 1: searching for objecINFOINFO: Phase 2: finding surrounding indentation
INFO: Phase 3: indenting objects
INFO: Phase 4: final indentation check
INFO: Output routine:
      Not outputting to file; see -w and -o switches for more options.
      --------------
INFO: Please direct all communication/issues to:
      https://github.com/cmhughes/latexindent.pl
ndent.pl
